# JRE version: OpenJDK Runtime Environment (17.0.10) (build 17.0.10+0--11609105)
# Java VM: OpenJDK 64-Bit Server VM (17.0.10+0--11609105, mixed mode, tiered, compressed oops, compressed class ptrs, parallel gc, windows-amd64)
GC Precious Log:
 CPUs: 12 total, 12 available
 Memory: 8071M
 Large Page Support: Disabled
 NUMA Support: Disabled
 Compressed Oops: Enabled (32-bit)
 Alignments: Space 512K, Generation 512K, Heap 2M
 Heap Min Capacity: 8M
 Heap Initial Capacity: 128M
 Heap Max Capacity: 2G
 Pre-touch: Disabled
 Parallel Workers: 10
Heap:
 PSYoungGen      total 561152K, used 362195K [0x00000000d5580000, 0x00000000ff100000, 0x0000000100000000)
  eden space 503296K, 63% used [0x00000000d5580000,0x00000000e8b3b590,0x00000000f4100000)
  from space 57856K, 77% used [0x00000000f7f00000,0x00000000faaf97c0,0x00000000fb780000)
  to   space 63488K, 0% used [0x00000000f4100000,0x00000000f4100000,0x00000000f7f00000)
 ParOldGen       total 365568K, used 315868K [0x0000000080000000, 0x0000000096500000, 0x00000000d5580000)
  object space 365568K, 86% used [0x0000000080000000,0x00000000934773c8,0x0000000096500000)
 Metaspace       used 308916K, committed 311744K, reserved 1376256K
  class space    used 40789K, committed 42176K, reserved 1048576K
GC Heap History (20 events):
Event: 5107.387 GC heap before
{Heap before GC invocations=115 (full 9):
 PSYoungGen      total 584192K, used 583872K [0x00000000d5580000, 0x00000000fe780000, 0x0000000100000000)
  eden space 583168K, 100% used [0x00000000d5580000,0x00000000f8f00000,0x00000000f8f00000)
  from space 1024K, 68% used [0x00000000fe680000,0x00000000fe730058,0x00000000fe780000)
  to   space 12288K, 0% used [0x00000000fcf80000,0x00000000fcf80000,0x00000000fdb80000)
 ParOldGen       total 275456K, used 239042K [0x0000000080000000, 0x0000000090d00000, 0x00000000d5580000)
  object space 275456K, 86% used [0x0000000080000000,0x000000008e970a98,0x0000000090d00000)
 Metaspace       used 255078K, committed 257280K, reserved 1310720K
  class space    used 34079K, committed 35136K, reserved 1048576K
}
Event: 5107.424 GC heap after
{Heap after GC invocations=115 (full 9):
 PSYoungGen      total 569856K, used 12283K [0x00000000d5580000, 0x00000000fe700000, 0x0000000100000000)
  eden space 557568K, 0% used [0x00000000d5580000,0x00000000d5580000,0x00000000f7600000)
  from space 12288K, 99% used [0x00000000fcf80000,0x00000000fdb7eda0,0x00000000fdb80000)
  to   space 11776K, 0% used [0x00000000fdb80000,0x00000000fdb80000,0x00000000fe700000)
 ParOldGen       total 275456K, used 251715K [0x0000000080000000, 0x0000000090d00000, 0x00000000d5580000)
  object space 275456K, 91% used [0x0000000080000000,0x000000008f5d0c28,0x0000000090d00000)
 Metaspace       used 255078K, committed 257280K, reserved 1310720K
  class space    used 34079K, committed 35136K, reserved 1048576K
}
Event: 5445.280 GC heap before
{Heap before GC invocations=116 (full 9):
 PSYoungGen      total 569856K, used 569851K [0x00000000d5580000, 0x00000000fe700000, 0x0000000100000000)
  eden space 557568K, 100% used [0x00000000d5580000,0x00000000f7600000,0x00000000f7600000)
  from space 12288K, 99% used [0x00000000fcf80000,0x00000000fdb7eda0,0x00000000fdb80000)
  to   space 11776K, 0% used [0x00000000fdb80000,0x00000000fdb80000,0x00000000fe700000)
 ParOldGen       total 275456K, used 251715K [0x0000000080000000, 0x0000000090d00000, 0x00000000d5580000)
  object space 275456K, 91% used [0x0000000080000000,0x000000008f5d0c28,0x0000000090d00000)
 Metaspace       used 257689K, committed 260160K, reserved 1310720K
  class space    used 34304K, committed 35520K, reserved 1048576K
}
Event: 5445.571 GC heap after
{Heap after GC invocations=116 (full 9):
 PSYoungGen      total 544768K, used 11758K [0x00000000d5580000, 0x00000000fe700000, 0x0000000100000000)
  eden space 532992K, 0% used [0x00000000d5580000,0x00000000d5580000,0x00000000f5e00000)
  from space 11776K, 99% used [0x00000000fdb80000,0x00000000fe6fb828,0x00000000fe700000)
  to   space 25600K, 0% used [0x00000000fb500000,0x00000000fb500000,0x00000000fce00000)
 ParOldGen       total 275456K, used 266651K [0x0000000080000000, 0x0000000090d00000, 0x00000000d5580000)
  object space 275456K, 96% used [0x0000000080000000,0x0000000090466f10,0x0000000090d00000)
 Metaspace       used 257689K, committed 260160K, reserved 1310720K
  class space    used 34304K, committed 35520K, reserved 1048576K
}
Event: 5445.571 GC heap before
{Heap before GC invocations=117 (full 10):
 PSYoungGen      total 544768K, used 11758K [0x00000000d5580000, 0x00000000fe700000, 0x0000000100000000)
  eden space 532992K, 0% used [0x00000000d5580000,0x00000000d5580000,0x00000000f5e00000)
  from space 11776K, 99% used [0x00000000fdb80000,0x00000000fe6fb828,0x00000000fe700000)
  to   space 25600K, 0% used [0x00000000fb500000,0x00000000fb500000,0x00000000fce00000)
 ParOldGen       total 275456K, used 266651K [0x0000000080000000, 0x0000000090d00000, 0x00000000d5580000)
  object space 275456K, 96% used [0x0000000080000000,0x0000000090466f10,0x0000000090d00000)
 Metaspace       used 257689K, committed 260160K, reserved 1310720K
  class space    used 34304K, committed 35520K, reserved 1048576K
}
Event: 5447.601 GC heap after
{Heap after GC invocations=117 (full 10):
 PSYoungGen      total 509952K, used 0K [0x00000000d5580000, 0x00000000fdc00000, 0x0000000100000000)
  eden space 509440K, 0% used [0x00000000d5580000,0x00000000d5580000,0x00000000f4700000)
  from space 512K, 0% used [0x00000000fb500000,0x00000000fb500000,0x00000000fb580000)
  to   space 25600K, 0% used [0x00000000fc300000,0x00000000fc300000,0x00000000fdc00000)
 ParOldGen       total 308736K, used 226873K [0x0000000080000000, 0x0000000092d80000, 0x00000000d5580000)
  object space 308736K, 73% used [0x0000000080000000,0x000000008dd8e510,0x0000000092d80000)
 Metaspace       used 257689K, committed 260160K, reserved 1310720K
  class space    used 34304K, committed 35520K, reserved 1048576K
}
Event: 5472.971 GC heap before
{Heap before GC invocations=118 (full 10):
 PSYoungGen      total 509952K, used 509440K [0x00000000d5580000, 0x00000000fdc00000, 0x0000000100000000)
  eden space 509440K, 100% used [0x00000000d5580000,0x00000000f4700000,0x00000000f4700000)
  from space 512K, 0% used [0x00000000fb500000,0x00000000fb500000,0x00000000fb580000)
  to   space 25600K, 0% used [0x00000000fc300000,0x00000000fc300000,0x00000000fdc00000)
 ParOldGen       total 308736K, used 226873K [0x0000000080000000, 0x0000000092d80000, 0x00000000d5580000)
  object space 308736K, 73% used [0x0000000080000000,0x000000008dd8e510,0x0000000092d80000)
 Metaspace       used 270588K, committed 273216K, reserved 1310720K
  class space    used 35927K, committed 37184K, reserved 1048576K
}
Event: 5473.123 GC heap after
{Heap after GC invocations=118 (full 10):
 PSYoungGen      total 513024K, used 25594K [0x00000000d5580000, 0x00000000fdc00000, 0x0000000100000000)
  eden space 487424K, 0% used [0x00000000d5580000,0x00000000d5580000,0x00000000f3180000)
  from space 25600K, 99% used [0x00000000fc300000,0x00000000fdbfe980,0x00000000fdc00000)
  to   space 30720K, 0% used [0x00000000fa000000,0x00000000fa000000,0x00000000fbe00000)
 ParOldGen       total 308736K, used 227425K [0x0000000080000000, 0x0000000092d80000, 0x00000000d5580000)
  object space 308736K, 73% used [0x0000000080000000,0x000000008de18510,0x0000000092d80000)
 Metaspace       used 270588K, committed 273216K, reserved 1310720K
  class space    used 35927K, committed 37184K, reserved 1048576K
}
Event: 5490.623 GC heap before
{Heap before GC invocations=119 (full 10):
 PSYoungGen      total 513024K, used 513018K [0x00000000d5580000, 0x00000000fdc00000, 0x0000000100000000)
  eden space 487424K, 100% used [0x00000000d5580000,0x00000000f3180000,0x00000000f3180000)
  from space 25600K, 99% used [0x00000000fc300000,0x00000000fdbfe980,0x00000000fdc00000)
  to   space 30720K, 0% used [0x00000000fa000000,0x00000000fa000000,0x00000000fbe00000)
 ParOldGen       total 308736K, used 227425K [0x0000000080000000, 0x0000000092d80000, 0x00000000d5580000)
  object space 308736K, 73% used [0x0000000080000000,0x000000008de18510,0x0000000092d80000)
 Metaspace       used 298517K, committed 301184K, reserved 1310720K
  class space    used 39773K, committed 41088K, reserved 1048576K
}
Event: 5490.792 GC heap after
{Heap after GC invocations=119 (full 10):
 PSYoungGen      total 497152K, used 30476K [0x00000000d5580000, 0x00000000fc380000, 0x0000000100000000)
  eden space 466432K, 0% used [0x00000000d5580000,0x00000000d5580000,0x00000000f1d00000)
  from space 30720K, 99% used [0x00000000fa000000,0x00000000fbdc32c0,0x00000000fbe00000)
  to   space 5632K, 0% used [0x00000000fbe00000,0x00000000fbe00000,0x00000000fc380000)
 ParOldGen       total 308736K, used 245019K [0x0000000080000000, 0x0000000092d80000, 0x00000000d5580000)
  object space 308736K, 79% used [0x0000000080000000,0x000000008ef46df8,0x0000000092d80000)
 Metaspace       used 298517K, committed 301184K, reserved 1310720K
  class space    used 39773K, committed 41088K, reserved 1048576K
}
Event: 5514.657 GC heap before
{Heap before GC invocations=120 (full 10):
 PSYoungGen      total 497152K, used 496908K [0x00000000d5580000, 0x00000000fc380000, 0x0000000100000000)
  eden space 466432K, 100% used [0x00000000d5580000,0x00000000f1d00000,0x00000000f1d00000)
  from space 30720K, 99% used [0x00000000fa000000,0x00000000fbdc32c0,0x00000000fbe00000)
  to   space 5632K, 0% used [0x00000000fbe00000,0x00000000fbe00000,0x00000000fc380000)
 ParOldGen       total 308736K, used 245019K [0x0000000080000000, 0x0000000092d80000, 0x00000000d5580000)
  object space 308736K, 79% used [0x0000000080000000,0x000000008ef46df8,0x0000000092d80000)
 Metaspace       used 303927K, committed 306624K, reserved 1376256K
  class space    used 40312K, committed 41600K, reserved 1048576K
}
Event: 5514.775 GC heap after
{Heap after GC invocations=120 (full 10):
 PSYoungGen      total 452096K, used 5600K [0x00000000d5580000, 0x00000000fc380000, 0x0000000100000000)
  eden space 446464K, 0% used [0x00000000d5580000,0x00000000d5580000,0x00000000f0980000)
  from space 5632K, 99% used [0x00000000fbe00000,0x00000000fc3780f8,0x00000000fc380000)
  to   space 46592K, 0% used [0x00000000f6880000,0x00000000f6880000,0x00000000f9600000)
 ParOldGen       total 308736K, used 284550K [0x0000000080000000, 0x0000000092d80000, 0x00000000d5580000)
  object space 308736K, 92% used [0x0000000080000000,0x00000000915e1aa8,0x0000000092d80000)
 Metaspace       used 303927K, committed 306624K, reserved 1376256K
  class space    used 40312K, committed 41600K, reserved 1048576K
}
Event: 5514.895 GC heap before
{Heap before GC invocations=121 (full 11):
 PSYoungGen      total 452096K, used 5600K [0x00000000d5580000, 0x00000000fc380000, 0x0000000100000000)
  eden space 446464K, 0% used [0x00000000d5580000,0x00000000d5580000,0x00000000f0980000)
  from space 5632K, 99% used [0x00000000fbe00000,0x00000000fc3780f8,0x00000000fc380000)
  to   space 46592K, 0% used [0x00000000f6880000,0x00000000f6880000,0x00000000f9600000)
 ParOldGen       total 308736K, used 284550K [0x0000000080000000, 0x0000000092d80000, 0x00000000d5580000)
  object space 308736K, 92% used [0x0000000080000000,0x00000000915e1aa8,0x0000000092d80000)
 Metaspace       used 303927K, committed 306624K, reserved 1376256K
  class space    used 40312K, committed 41600K, reserved 1048576K
}
Event: 5515.633 GC heap after
{Heap after GC invocations=121 (full 11):
 PSYoungGen      total 487424K, used 0K [0x00000000d5580000, 0x00000000fbe80000, 0x0000000100000000)
  eden space 486912K, 0% used [0x00000000d5580000,0x00000000d5580000,0x00000000f3100000)
  from space 512K, 0% used [0x00000000f6880000,0x00000000f6880000,0x00000000f6900000)
  to   space 46592K, 0% used [0x00000000f9100000,0x00000000f9100000,0x00000000fbe80000)
 ParOldGen       total 365568K, used 256322K [0x0000000080000000, 0x0000000096500000, 0x00000000d5580000)
  object space 365568K, 70% used [0x0000000080000000,0x000000008fa50888,0x0000000096500000)
 Metaspace       used 303927K, committed 306624K, reserved 1376256K
  class space    used 40312K, committed 41600K, reserved 1048576K
}
Event: 5538.646 GC heap before
{Heap before GC invocations=122 (full 11):
 PSYoungGen      total 487424K, used 486912K [0x00000000d5580000, 0x00000000fbe80000, 0x0000000100000000)
  eden space 486912K, 100% used [0x00000000d5580000,0x00000000f3100000,0x00000000f3100000)
  from space 512K, 0% used [0x00000000f6880000,0x00000000f6880000,0x00000000f6900000)
  to   space 46592K, 0% used [0x00000000f9100000,0x00000000f9100000,0x00000000fbe80000)
 ParOldGen       total 365568K, used 256322K [0x0000000080000000, 0x0000000096500000, 0x00000000d5580000)
  object space 365568K, 70% used [0x0000000080000000,0x000000008fa50888,0x0000000096500000)
 Metaspace       used 304787K, committed 307456K, reserved 1376256K
  class space    used 40417K, committed 41728K, reserved 1048576K
}
Event: 5538.712 GC heap after
{Heap after GC invocations=122 (full 11):
 PSYoungGen      total 484864K, used 18368K [0x00000000d5580000, 0x00000000fa300000, 0x0000000100000000)
  eden space 466432K, 0% used [0x00000000d5580000,0x00000000d5580000,0x00000000f1d00000)
  from space 18432K, 99% used [0x00000000f9100000,0x00000000fa2f0040,0x00000000fa300000)
  to   space 44544K, 0% used [0x00000000f4c00000,0x00000000f4c00000,0x00000000f7780000)
 ParOldGen       total 365568K, used 256330K [0x0000000080000000, 0x0000000096500000, 0x00000000d5580000)
  object space 365568K, 70% used [0x0000000080000000,0x000000008fa52888,0x0000000096500000)
 Metaspace       used 304787K, committed 307456K, reserved 1376256K
  class space    used 40417K, committed 41728K, reserved 1048576K
}
Event: 5612.040 GC heap before
{Heap before GC invocations=123 (full 11):
 PSYoungGen      total 484864K, used 484800K [0x00000000d5580000, 0x00000000fa300000, 0x0000000100000000)
  eden space 466432K, 100% used [0x00000000d5580000,0x00000000f1d00000,0x00000000f1d00000)
  from space 18432K, 99% used [0x00000000f9100000,0x00000000fa2f0040,0x00000000fa300000)
  to   space 44544K, 0% used [0x00000000f4c00000,0x00000000f4c00000,0x00000000f7780000)
 ParOldGen       total 365568K, used 256330K [0x0000000080000000, 0x0000000096500000, 0x00000000d5580000)
  object space 365568K, 70% used [0x0000000080000000,0x000000008fa52888,0x0000000096500000)
 Metaspace       used 305791K, committed 308544K, reserved 1376256K
  class space    used 40559K, committed 41920K, reserved 1048576K
}
Event: 5612.493 GC heap after
{Heap after GC invocations=123 (full 11):
 PSYoungGen      total 553472K, used 44519K [0x00000000d5580000, 0x00000000fb780000, 0x0000000100000000)
  eden space 508928K, 0% used [0x00000000d5580000,0x00000000d5580000,0x00000000f4680000)
  from space 44544K, 99% used [0x00000000f4c00000,0x00000000f7779c88,0x00000000f7780000)
  to   space 57856K, 0% used [0x00000000f7f00000,0x00000000f7f00000,0x00000000fb780000)
 ParOldGen       total 365568K, used 271641K [0x0000000080000000, 0x0000000096500000, 0x00000000d5580000)
  object space 365568K, 74% used [0x0000000080000000,0x0000000090946500,0x0000000096500000)
 Metaspace       used 305791K, committed 308544K, reserved 1376256K
  class space    used 40559K, committed 41920K, reserved 1048576K
}
Event: 5671.045 GC heap before
{Heap before GC invocations=124 (full 11):
 PSYoungGen      total 553472K, used 553447K [0x00000000d5580000, 0x00000000fb780000, 0x0000000100000000)
  eden space 508928K, 100% used [0x00000000d5580000,0x00000000f4680000,0x00000000f4680000)
  from space 44544K, 99% used [0x00000000f4c00000,0x00000000f7779c88,0x00000000f7780000)
  to   space 57856K, 0% used [0x00000000f7f00000,0x00000000f7f00000,0x00000000fb780000)
 ParOldGen       total 365568K, used 271641K [0x0000000080000000, 0x0000000096500000, 0x00000000d5580000)
  object space 365568K, 74% used [0x0000000080000000,0x0000000090946500,0x0000000096500000)
 Metaspace       used 307112K, committed 309952K, reserved 1376256K
  class space    used 40610K, committed 42048K, reserved 1048576K
}
Event: 5671.412 GC heap after
{Heap after GC invocations=124 (full 11):
 PSYoungGen      total 561152K, used 45029K [0x00000000d5580000, 0x00000000ff100000, 0x0000000100000000)
  eden space 503296K, 0% used [0x00000000d5580000,0x00000000d5580000,0x00000000f4100000)
  from space 57856K, 77% used [0x00000000f7f00000,0x00000000faaf97c0,0x00000000fb780000)
  to   space 63488K, 0% used [0x00000000f4100000,0x00000000f4100000,0x00000000f7f00000)
 ParOldGen       total 365568K, used 315868K [0x0000000080000000, 0x0000000096500000, 0x00000000d5580000)
  object space 365568K, 86% used [0x0000000080000000,0x00000000934773c8,0x0000000096500000)
 Metaspace       used 307112K, committed 309952K, reserved 1376256K
  class space    used 40610K, committed 42048K, reserved 1048576K
}

